2021-09-29T18:35:12.891Z [desafio-final-node] error {req.method}  - loggers is not defined
2021-09-29T18:58:35.373Z [desafio-final-node] error {req.method}  - loggers is not defined
2021-09-29T19:02:05.845Z [desafio-final-node] error {req.method}  - getCliente is not defined
2021-09-29T19:10:44.209Z [desafio-final-node] error {req.method}  - loggers is not defined
2021-09-29T19:11:15.579Z [desafio-final-node] error {req.method}  - loggers is not defined
2021-09-29T19:12:07.027Z [desafio-final-node] error {req.method}  - loggers is not defined
2021-09-29T19:13:30.131Z [desafio-final-node] error {req.method}  - Unexpected token " in JSON at position 9
2021-09-29T19:14:16.163Z [desafio-final-node] info PUT /cliente - {"clienteId":2,"nome":"aloalo","email":"alo@alo.com","senha":"45645456456456","telefone":"4564564564564565","endereco":"wwwwwwwwwwwwwwww"}
2021-09-29T19:14:22.660Z [desafio-final-node] error {req.method}  - loggers is not defined
2021-09-29T19:15:17.608Z [desafio-final-node] info PUT /cliente - {"clienteId":2,"nome":"Maria Joao","email":"maria@joao.com","senha":"1234567890","telefone":"1234567890","endereco":"R Maria Joao"}
2021-09-29T19:15:21.991Z [desafio-final-node] error {req.method}  - loggers is not defined
2021-09-29T20:04:59.161Z [desafio-final-node] error {req.method}  - loggers is not defined
2021-09-29T20:05:55.915Z [desafio-final-node] error {req.method}  - loggers is not defined
2021-09-29T20:06:35.207Z [desafio-final-node] error {req.method}  - loggers is not defined
2021-09-29T20:06:43.944Z [desafio-final-node] error {req.method}  - loggers is not defined
2021-09-29T20:20:23.849Z [desafio-final-node] error {req.method}  - loggers is not defined
2021-09-29T20:22:15.359Z [desafio-final-node] error {req.method}  - loggers is not defined
2021-09-29T20:23:00.505Z [desafio-final-node] error {req.method}  - loggers is not defined
2021-09-29T20:23:19.590Z [desafio-final-node] error {req.method}  - loggers is not defined
2021-09-29T20:32:08.916Z [desafio-final-node] error {req.method}  - loggers is not defined
2021-09-29T20:32:24.859Z [desafio-final-node] error {req.method}  - loggers is not defined
2021-09-29T20:40:03.166Z [desafio-final-node] error {req.method}  - loggers is not defined
2021-09-29T20:40:35.038Z [desafio-final-node] info PUT /cliente - {"clienteId":2,"nome":"Uaria Joao","email":"maria@joao.com","senha":"1234567890","telefone":"1234567890","endereco":"R Maria Joao"}
2021-09-29T20:40:44.191Z [desafio-final-node] error {req.method}  - loggers is not defined
2021-09-29T20:41:18.703Z [desafio-final-node] info PUT /cliente - {"clienteId":2,"nome":"Uaria Joao","email":"maria@joao.com","senha":"1234567890","telefone":"1234567890","endereco":"Alameda Maria Joao"}
2021-09-29T20:41:25.997Z [desafio-final-node] error {req.method}  - loggers is not defined
2021-09-29T20:42:34.617Z [desafio-final-node] info PUT /cliente - {"clienteId":2,"nome":"Uaria Joao","email":"maria@joao.com","senha":"1234567890","telefone":"12","endereco":"Alameda Maria Joao"}
2021-09-29T20:42:40.985Z [desafio-final-node] error {req.method}  - loggers is not defined
2021-09-29T20:43:12.514Z [desafio-final-node] info PUT /cliente - {"clienteId":1,"nome":"Tuca","email":"tuca@tuca.com","senha":"11","telefone":"11","endereco":"R Ibituruna, 265 33A Parque Imperial"}
2021-09-29T20:43:15.492Z [desafio-final-node] error {req.method}  - loggers is not defined
2021-09-29T20:43:39.782Z [desafio-final-node] error {req.method}  - loggers is not defined
2021-09-29T20:45:01.320Z [desafio-final-node] error {req.method}  - loggers is not defined
2021-09-29T20:45:17.319Z [desafio-final-node] error {req.method}  - loggers is not defined
2021-09-29T20:45:48.255Z [desafio-final-node] error {req.method}  - loggers is not defined
2021-09-29T20:47:28.125Z [desafio-final-node] error {req.method}  - loggers is not defined
2021-09-29T20:47:36.685Z [desafio-final-node] error {req.method}  - loggers is not defined
2021-09-29T20:47:43.815Z [desafio-final-node] error {req.method}  - loggers is not defined
2021-09-29T20:50:24.991Z [desafio-final-node] error {req.method}  - loggers is not defined
2021-09-29T20:50:30.723Z [desafio-final-node] error {req.method}  - loggers is not defined
2021-09-29T20:50:56.059Z [desafio-final-node] error {req.method}  - loggers is not defined
2021-09-29T20:51:15.930Z [desafio-final-node] error {req.method}  - loggers is not defined
2021-09-29T20:51:58.962Z [desafio-final-node] error {req.method}  - loggers is not defined
2021-09-29T21:56:08.288Z [desafio-final-node] error {req.method}  - loggers is not defined
2021-09-29T21:57:00.228Z [desafio-final-node] error {req.method}  - loggers is not defined
2021-09-29T21:57:06.521Z [desafio-final-node] error {req.method}  - loggers is not defined
2021-09-29T21:57:36.808Z [desafio-final-node] info DELETE /cliente
2021-09-29T21:57:41.146Z [desafio-final-node] error {req.method}  - loggers is not defined
2021-09-29T21:57:48.672Z [desafio-final-node] error {req.method}  - loggers is not defined
2021-09-29T21:58:03.027Z [desafio-final-node] error {req.method}  - loggers is not defined
2021-09-29T21:58:08.705Z [desafio-final-node] error {req.method}  - loggers is not defined
2021-09-29T22:27:27.570Z [desafio-final-node] error {req.method}  - loggers is not defined
2021-09-30T00:37:44.474Z [desafio-final-node] error {req.method}  - O preenchimento de todos os campos são necessarios!
2021-09-30T00:38:23.080Z [desafio-final-node] error {req.method}  - column "livroId" of relation "livros" does not exist
2021-09-30T00:41:41.313Z [desafio-final-node] error {req.method}  - column "livroId" of relation "livros" does not exist
2021-09-30T00:42:33.534Z [desafio-final-node] error {req.method}  - column "livroId" of relation "livros" does not exist
2021-09-30T00:47:14.830Z [desafio-final-node] error {req.method}  - column "livroId" of relation "livros" does not exist
2021-09-30T00:52:05.069Z [desafio-final-node] error {req.method}  - column "livro_id" of relation "livros" does not exist
2021-09-30T00:52:28.651Z [desafio-final-node] error {req.method}  - column "livroId" of relation "livros" does not exist
2021-09-30T00:56:36.686Z [desafio-final-node] error {req.method}  - column "livroId" of relation "livros" does not exist
2021-09-30T00:57:49.672Z [desafio-final-node] error {req.method}  - column "livroId" of relation "livros" does not exist
2021-09-30T01:13:16.356Z [desafio-final-node] error {req.method}  - column "livroId" of relation "livros" does not exist
2021-09-30T01:16:31.196Z [desafio-final-node] error {req.method}  - column "autorId" of relation "livros" does not exist
2021-09-30T01:20:38.762Z [desafio-final-node] info POST /livro - {"livroId":2,"nome":"Fundamentos e Análises de Node.js","valor":"45.90","estoque":10,"autorId":1}
2021-09-30T01:25:39.049Z [desafio-final-node] info POST /livro - {"livroId":3,"nome":"XXXXXXXXXXX","valor":"23","estoque":5,"autorId":2}
2021-09-30T01:26:29.957Z [desafio-final-node] error {req.method}  - loggers is not defined
2021-09-30T01:27:15.219Z [desafio-final-node] error {req.method}  - loggers is not defined
2021-09-30T01:27:37.011Z [desafio-final-node] error {req.method}  - loggers is not defined
2021-09-30T01:40:20.928Z [desafio-final-node] error {req.method}  - loggers is not defined
2021-09-30T01:40:25.745Z [desafio-final-node] error {req.method}  - loggers is not defined
2021-09-30T01:40:29.842Z [desafio-final-node] error {req.method}  - loggers is not defined
2021-09-30T01:41:18.361Z [desafio-final-node] error {req.method}  - loggers is not defined
2021-09-30T01:41:21.598Z [desafio-final-node] error {req.method}  - loggers is not defined
2021-09-30T01:41:46.624Z [desafio-final-node] error {req.method}  - loggers is not defined
2021-09-30T01:42:13.467Z [desafio-final-node] error {req.method}  - loggers is not defined
2021-09-30T01:42:48.477Z [desafio-final-node] error {req.method}  - WHERE parameter "livroId" has invalid "undefined" value
2021-09-30T01:44:15.101Z [desafio-final-node] error {req.method}  - WHERE parameter "livroId" has invalid "undefined" value
2021-09-30T01:46:11.129Z [desafio-final-node] error {req.method}  - loggers is not defined
2021-09-30T01:46:39.029Z [desafio-final-node] info PUT /livro - {"livroId":1,"nome":"APIs em Node.js","valor":"100","estoque":25,"autorId":1}
2021-09-30T01:47:19.940Z [desafio-final-node] info PUT /livro - {"livroId":1,"nome":"APIs em Node.js","valor":"100","estoque":7,"autorId":1}
2021-09-30T01:47:25.277Z [desafio-final-node] error {req.method}  - loggers is not defined
2021-09-30T01:50:23.736Z [desafio-final-node] error {req.method}  - loggers is not defined
2021-09-30T01:50:28.700Z [desafio-final-node] error {req.method}  - loggers is not defined
2021-09-30T17:28:07.865Z [desafio-final-node] error {req.method}  - relation "autores" does not exist
2021-09-30T17:28:33.030Z [desafio-final-node] error {req.method}  - column "autorId" of relation "autores" does not exist
2021-09-30T17:30:31.554Z [desafio-final-node] info POST /autor - {"autorId":1,"nome":"Joao de Barros","email":"jb@jb.com","telefone":"123456"}
2021-09-30T17:30:59.552Z [desafio-final-node] info POST /autor - {"autorId":2,"nome":"Marilene Soares","email":"ms@ms.com","telefone":"999999"}
2021-09-30T17:31:26.067Z [desafio-final-node] error {req.method}  - column autores.autorId"DES does not exist
2021-09-30T17:33:18.847Z [desafio-final-node] info GET /livroundefined
2021-09-30T17:33:56.277Z [desafio-final-node] info POST /autor - {"autorId":3,"nome":"Arilene Soares","email":"ms@ms.com","telefone":"999999"}
2021-09-30T17:34:03.377Z [desafio-final-node] info GET /livroundefined
2021-09-30T17:34:49.173Z [desafio-final-node] error {req.method}  - column autores.nome"DES does not exist
2021-09-30T17:35:49.857Z [desafio-final-node] error {req.method}  - column autores.autorId"DES does not exist
2021-09-30T17:39:56.134Z [desafio-final-node] info GET /livro
2021-09-30T17:40:15.743Z [desafio-final-node] info GET /livro
2021-09-30T17:40:30.642Z [desafio-final-node] info GET /livroundefined
2021-09-30T17:42:17.866Z [desafio-final-node] info GET /livro
2021-09-30T17:42:21.453Z [desafio-final-node] info GET /livro
2021-09-30T17:42:23.846Z [desafio-final-node] info GET /livro
2021-09-30T17:42:46.995Z [desafio-final-node] info GET /livroDESC
2021-09-30T17:42:58.174Z [desafio-final-node] info GET /livroDESC
2021-09-30T17:43:40.156Z [desafio-final-node] info GET /livro
2021-09-30T17:44:01.851Z [desafio-final-node] info GET /livrodesc
2021-09-30T17:44:29.575Z [desafio-final-node] info GET /livrodesc
2021-09-30T17:44:34.266Z [desafio-final-node] info GET /livroundefined
2021-09-30T17:45:19.077Z [desafio-final-node] info PUT /livro
2021-09-30T17:45:29.077Z [desafio-final-node] info GET /livroundefined
2021-09-30T17:46:34.630Z [desafio-final-node] info POST /autor - {"autorId":4,"nome":"Ladylane","email":"ms@ms.com","telefone":"999999"}
2021-09-30T17:46:38.012Z [desafio-final-node] info GET /livrodesc
2021-09-30T17:46:54.713Z [desafio-final-node] error {req.method}  - AutorRepository.deleteAutor is not a function
2021-09-30T17:47:45.523Z [desafio-final-node] error {req.method}  - AutorRepository.deleteAutor is not a function
2021-09-30T17:47:58.557Z [desafio-final-node] info DELETE /livro
2021-09-30T17:48:06.080Z [desafio-final-node] info GET /livroundefined
2021-09-30T22:23:06.093Z [desafio-final-node] error {req.method}  - column "clienteId" of relation "clientes" does not exist
2021-09-30T22:24:43.607Z [desafio-final-node] error {req.method}  - loggers is not defined
2021-09-30T22:25:19.230Z [desafio-final-node] error {req.method}  - loggers is not defined
2021-09-30T22:26:07.081Z [desafio-final-node] error {req.method}  - loggers is not defined
2021-09-30T22:26:21.491Z [desafio-final-node] error {req.method}  - Cliente is not defined
2021-09-30T22:27:12.789Z [desafio-final-node] error {req.method}  - Cliente is not defined
2021-09-30T22:28:12.745Z [desafio-final-node] error {req.method}  - Cliente is not defined
2021-09-30T22:38:11.774Z [desafio-final-node] error {req.method}  - loggers is not defined
2021-09-30T22:39:24.954Z [desafio-final-node] error {req.method}  - loggers is not defined
2021-09-30T22:39:37.642Z [desafio-final-node] error {req.method}  - loggers is not defined
2021-09-30T22:39:51.181Z [desafio-final-node] error {req.method}  - loggers is not defined
2021-09-30T22:39:56.616Z [desafio-final-node] error {req.method}  - loggers is not defined
2021-09-30T22:40:17.228Z [desafio-final-node] error {req.method}  - loggers is not defined
2021-09-30T22:41:04.856Z [desafio-final-node] error {req.method}  - Cliente is not defined
2021-09-30T22:42:40.337Z [desafio-final-node] info PUT /cliente - {"clienteId":4,"nome":"Amora","email":"amora@amora.com","senha":"000","telefone":"111","endereco":"Praca Teotonio Vilela"}
2021-09-30T22:42:48.521Z [desafio-final-node] error {req.method}  - loggers is not defined
2021-09-30T22:43:05.753Z [desafio-final-node] info DELETE /cliente
2021-09-30T22:43:11.724Z [desafio-final-node] error {req.method}  - loggers is not defined
2021-09-30T22:43:18.581Z [desafio-final-node] info DELETE /cliente
2021-09-30T22:43:22.168Z [desafio-final-node] error {req.method}  - loggers is not defined
2021-09-30T22:43:56.785Z [desafio-final-node] error {req.method}  - column "livroId" does not exist
2021-10-01T11:33:26.352Z [desafio-final-node] error {req.method}  - column "autorId" of relation "livros" does not exist
2021-10-01T11:34:54.014Z [desafio-final-node] error {req.method}  - insert or update on table "livros" violates foreign key constraint "fk_autores"
2021-10-01T11:44:48.819Z [desafio-final-node] info POST /autor - {"autorId":1,"nome":"Josefina","email":"js@js.com","telefone":"999999"}
2021-10-01T11:45:26.235Z [desafio-final-node] info POST /autor - {"autorId":2,"nome":"Eduardo Lacaz","email":"ed@ed.com","telefone":"999999"}
2021-10-01T11:45:57.323Z [desafio-final-node] info POST /autor - {"autorId":3,"nome":"Thais Dias","email":"td@td.com","telefone":"999999"}
2021-10-01T11:46:02.755Z [desafio-final-node] info POST /livro - {"livroId":2,"nome":"Java em 1 mes","valor":"23","estoque":5,"autorId":2}
2021-10-01T11:46:42.981Z [desafio-final-node] info POST /livro - {"livroId":3,"nome":"Seguranca em Node","valor":"70","estoque":2,"autorId":1}
2021-10-01T11:48:56.262Z [desafio-final-node] info POST /livro - {"livroId":4,"nome":"Docker","valor":"30","estoque":50,"autorId":3}
2021-10-01T11:49:12.339Z [desafio-final-node] info GET /livroundefined
2021-10-01T11:49:39.599Z [desafio-final-node] error {req.method}  - loggers is not defined
2021-10-01T11:49:43.891Z [desafio-final-node] error {req.method}  - loggers is not defined
2021-10-01T11:49:47.373Z [desafio-final-node] error {req.method}  - loggers is not defined
2021-10-01T11:50:22.338Z [desafio-final-node] info PUT /livro - {"livroId":4,"nome":"Docker para iniciantes","valor":"30","estoque":50,"autorId":3}
2021-10-01T11:50:31.009Z [desafio-final-node] info GET /livroundefined
2021-10-01T11:50:37.819Z [desafio-final-node] error {req.method}  - loggers is not defined
2021-10-01T11:50:57.794Z [desafio-final-node] error {req.method}  - loggers is not defined
2021-10-01T11:51:02.282Z [desafio-final-node] info GET /livroundefined
2021-10-01T11:51:53.943Z [desafio-final-node] info GET /livroundefined
2021-10-01T11:52:00.623Z [desafio-final-node] info GET /livro
2021-10-01T11:52:28.233Z [desafio-final-node] info PUT /livro
2021-10-01T11:52:44.436Z [desafio-final-node] info GET /livroundefined
2021-10-01T11:53:00.849Z [desafio-final-node] error {req.method}  - update or delete on table "autores" violates foreign key constraint "fk_autores" on table "livros"
2021-10-01T11:54:00.755Z [desafio-final-node] info POST /autor - {"autorId":4,"nome":"Renata","email":"re@re.com","telefone":"333"}
2021-10-01T11:54:03.812Z [desafio-final-node] info GET /livroundefined
2021-10-01T11:54:21.853Z [desafio-final-node] info DELETE /livro
2021-10-01T11:54:31.274Z [desafio-final-node] info GET /livroundefined
2021-10-01T11:58:05.409Z [desafio-final-node] error {req.method}  - venda is not defined
2021-10-01T12:00:10.997Z [desafio-final-node] error {req.method}  - insert or update on table "vendas" violates foreign key constraint "fk_livros"
2021-10-01T12:00:26.149Z [desafio-final-node] info POST /venda - {"vendaId":2,"valor":"23.80","data":"2021-09-06","clienteId":1,"livroId":2}
2021-10-01T12:02:45.354Z [desafio-final-node] info POST /venda - {"vendaId":3,"valor":"25","data":"2021-05-23","clienteId":2,"livroId":2}
2021-10-01T12:03:05.113Z [desafio-final-node] info POST /venda - {"vendaId":4,"valor":"25","data":"2021-03-12","clienteId":3,"livroId":2}
2021-10-01T12:03:41.047Z [desafio-final-node] info GET /vendaundefined
2021-10-01T12:04:49.869Z [desafio-final-node] info GET /vendaasc
2021-10-01T12:05:14.070Z [desafio-final-node] info GET /vendaasc
2021-10-01T12:05:34.405Z [desafio-final-node] info GET /vendadesc
2021-10-01T12:05:59.089Z [desafio-final-node] info GET /venda
2021-10-01T12:06:06.065Z [desafio-final-node] info GET /venda
2021-10-01T12:06:39.001Z [desafio-final-node] info GET /vendadesc
2021-10-01T12:06:56.340Z [desafio-final-node] info GET /venda
2021-10-01T12:40:29.252Z [desafio-final-node] info GET /vendadesc
2021-10-01T12:42:49.243Z [desafio-final-node] info PUT /venda
2021-10-01T12:42:58.560Z [desafio-final-node] info GET /vendadesc
2021-10-01T12:43:32.270Z [desafio-final-node] info DELETE /venda
2021-10-01T12:43:36.537Z [desafio-final-node] info GET /vendadesc
2021-10-01T14:00:08.007Z [desafio-final-node] info GET /venda
2021-10-01T14:00:28.047Z [desafio-final-node] info GET /vendadesc
2021-10-01T14:00:35.788Z [desafio-final-node] info GET /vendaundefined
2021-10-01T14:00:45.978Z [desafio-final-node] info GET /venda
2021-10-01T14:11:55.262Z [desafio-final-node] info GET /vendaundefined
2021-10-01T14:12:11.442Z [desafio-final-node] error {req.method}  - column livro.clienteId does not exist
2021-10-01T14:14:48.229Z [desafio-final-node] info GET /venda
2021-10-01T14:17:51.177Z [desafio-final-node] info GET /venda
2021-10-01T15:14:11.169Z [desafio-final-node] error {req.method}  - insert or update on table "vendas" violates foreign key constraint "fk_livros"
2021-10-01T15:14:18.202Z [desafio-final-node] info POST /venda - {"vendaId":6,"valor":"900","data":"2021-07-17","clienteId":1,"livroId":2}
2021-10-01T15:14:25.174Z [desafio-final-node] info GET /venda
2021-10-01T15:17:31.750Z [desafio-final-node] info GET /vendaundefined
2021-10-01T15:17:41.260Z [desafio-final-node] info GET /venda
2021-10-01T15:34:03.570Z [desafio-final-node] error {req.method}  - column "cliente_id" does not exist
2021-10-01T15:34:33.833Z [desafio-final-node] error {req.method}  - column "cliente_id" does not exist
2021-10-01T15:34:36.112Z [desafio-final-node] error {req.method}  - column "cliente_id" does not exist
2021-10-01T15:37:57.890Z [desafio-final-node] error {req.method}  - column "cliente_id" does not exist
2021-10-01T15:37:59.726Z [desafio-final-node] error {req.method}  - column "cliente_id" does not exist
2021-10-01T15:38:28.643Z [desafio-final-node] error {req.method}  - column "cliente_id" does not exist
2021-10-01T15:38:30.328Z [desafio-final-node] error {req.method}  - column "cliente_id" does not exist
2021-10-01T15:39:11.532Z [desafio-final-node] error {req.method}  - loggers is not defined
2021-10-01T15:40:02.024Z [desafio-final-node] error {req.method}  - getVenda is not defined
2021-10-01T15:40:14.870Z [desafio-final-node] info GET /vendaundefined
2021-10-01T15:40:26.975Z [desafio-final-node] error {req.method}  - getVenda is not defined
2021-10-01T15:40:34.105Z [desafio-final-node] error {req.method}  - loggers is not defined
2021-10-01T15:40:46.002Z [desafio-final-node] info GET /vendaundefined
2021-10-01T15:42:24.971Z [desafio-final-node] error {req.method}  - column "venda_id" does not exist
2021-10-01T15:43:12.912Z [desafio-final-node] error {req.method}  - column "livro_id" does not exist
2021-10-01T15:43:15.555Z [desafio-final-node] error {req.method}  - column "livro_id" does not exist
2021-10-01T15:44:46.788Z [desafio-final-node] info GET /vendaundefined
2021-10-01T16:04:51.836Z [desafio-final-node] info GET /vendaundefined
2021-10-01T16:05:08.027Z [desafio-final-node] error {req.method}  - WHERE parameter "livro_id" has invalid "undefined" value
2021-10-01T16:05:54.044Z [desafio-final-node] info GET /venda
2021-10-01T16:07:23.945Z [desafio-final-node] error {req.method}  - WHERE parameter "livro_id" has invalid "undefined" value
2021-10-01T16:10:09.502Z [desafio-final-node] error {req.method}  - WHERE parameter "livro_id" has invalid "undefined" value
2021-10-01T16:10:10.820Z [desafio-final-node] error {req.method}  - WHERE parameter "livro_id" has invalid "undefined" value
2021-10-01T16:40:15.322Z [desafio-final-node] info GET /vendaundefined
2021-10-01T16:40:32.653Z [desafio-final-node] info GET /venda
2021-10-01T16:41:36.336Z [desafio-final-node] info GET /venda
2021-10-01T16:48:27.980Z [desafio-final-node] error {req.method}  - WHERE parameter "livro_id" has invalid "undefined" value
2021-10-01T16:48:51.598Z [desafio-final-node] error {req.method}  - livroId is not defined
2021-10-01T16:49:54.111Z [desafio-final-node] error {req.method}  - WHERE parameter "livro_id" has invalid "undefined" value
2021-10-01T16:54:26.116Z [desafio-final-node] info GET /venda
2021-10-01T16:55:04.646Z [desafio-final-node] error {req.method}  - loggers is not defined
2021-10-01T16:55:59.113Z [desafio-final-node] info PUT /cliente - {"clienteId":1,"nome":"Ladylane","email":"ladylane@ladylane.com","senha":"123","telefone":"321","endereco":"R Blablabla"}
2021-10-01T16:56:07.203Z [desafio-final-node] info GET /venda
2021-10-01T19:45:28.700Z [desafio-final-node] info GET /livroundefined
2021-10-01T19:47:50.187Z [desafio-final-node] error {req.method}  - LivroInfoService is not defined
2021-10-01T19:49:56.432Z [desafio-final-node] info GET /livro/info  - {"livroId":2,"descricao":"garantia de aprendizado em 30 dias","paginas":100,"editora":"Nerd","avaliacoes":[],"_id":"61576664f6e447ea7276bbb3"}
2021-10-01T19:53:46.112Z [desafio-final-node] info GET /livroundefined
2021-10-01T20:56:12.572Z [desafio-final-node] info GET /livroundefined
2021-10-01T21:14:43.787Z [desafio-final-node] error {req.method}  - client.db(...).collection(...).updatetOne is not a function
2021-10-01T21:20:30.726Z [desafio-final-node] info PUT /livro/info  - {"livroId":2,"descricao":"aprendizado em 30 dias","paginas":100,"editora":"Nerd","avaliacoes":[]}
2021-10-01T21:21:26.023Z [desafio-final-node] info PUT /livro/info  - {"livroId":2,"descricao":"aprendizado em 30 dias","paginas":100,"editora":"Nerd","avaliacoes":[]}
2021-10-01T21:22:00.087Z [desafio-final-node] info PUT /livro/info  - {"livroId":2,"descricao":"30 dias","paginas":20,"editora":"Nerdddddddddddd","avaliacoes":[]}
2021-10-01T21:23:10.316Z [desafio-final-node] info GET /livroundefined
2021-10-01T21:24:19.104Z [desafio-final-node] info GET /livro/info  - {"livroId":4,"descricao":"java","paginas":50,"editora":"abril","avaliacoes":[],"_id":"61577c82a4b31ee9efdef5d1"}
2021-10-01T21:24:45.646Z [desafio-final-node] info PUT /livro/info  - {"livroId":4,"descricao":"java do zero","paginas":50,"editora":"abril","avaliacoes":[]}
2021-10-01T21:32:19.072Z [desafio-final-node] info PUT /livro/info  - {"livroId":4,"descricao":"XXXXXXXXXXXX","paginas":50,"editora":"abril","avaliacoes":[]}
2021-10-01T22:06:48.045Z [desafio-final-node] info GET /venda
2021-10-01T22:08:24.784Z [desafio-final-node] error {req.method}  - column livro.clienteId does not exist
2021-10-01T22:09:06.178Z [desafio-final-node] info GET /venda
2021-10-01T22:15:45.076Z [desafio-final-node] info GET /venda
2021-10-01T22:17:08.235Z [desafio-final-node] info GET /venda
2021-10-01T22:18:47.287Z [desafio-final-node] info GET /venda
2021-10-01T22:19:21.513Z [desafio-final-node] info GET /venda
2021-10-01T22:20:55.444Z [desafio-final-node] info GET /venda
2021-10-01T22:21:47.779Z [desafio-final-node] info GET /venda
2021-10-01T22:22:15.729Z [desafio-final-node] info GET /venda
2021-10-01T22:26:10.745Z [desafio-final-node] info GET /venda
2021-10-01T22:26:39.193Z [desafio-final-node] info GET /venda
2021-10-01T22:30:37.679Z [desafio-final-node] error {req.method}  - livros is not associated to clientes!
2021-10-01T22:31:43.448Z [desafio-final-node] info GET /venda
2021-10-01T22:35:36.408Z [desafio-final-node] info GET /venda
2021-10-02T13:00:28.237Z [desafio-final-node] error {req.method}  - Include unexpected. Element has to be either a Model, an Association or an object.
2021-10-02T13:05:09.566Z [desafio-final-node] info GET /venda
2021-10-02T13:35:58.163Z [desafio-final-node] error {req.method}  - autores is not associated to vendas!
2021-10-02T13:36:27.298Z [desafio-final-node] error {req.method}  - autores is not associated to vendas!
2021-10-02T13:37:15.119Z [desafio-final-node] error {req.method}  - autores is not associated to vendas!
2021-10-02T13:43:05.599Z [desafio-final-node] info PUT /livro/info  - {"livroId":4,"descricao":"XXXXXXXXXXXX","paginas":50,"editora":"abril","avaliacoes":[]}
2021-10-03T04:54:59.548Z [desafio-final-node] info PUT /livro/info  - {"livroId":4,"descricao":"XXXXXXXXXXXX","paginas":50,"editora":"abril","avaliacoes":[]}
2021-10-03T04:56:07.641Z [desafio-final-node] info PUT /livro/info  - {"livroId":4,"descricao":"XXXXXXXXXXXX","paginas":50,"editora":"abril","avaliacoes":[]}
2021-10-03T04:56:43.620Z [desafio-final-node] info GET /livro/info  - {"livroId":5,"descricao":"html","paginas":50,"editora":"trybe","avaliacoes":[],"_id":"6159380b19721af4dd5bba93"}
2021-10-03T04:57:19.410Z [desafio-final-node] info PUT /livro/info  - {"livroId":5,"descricao":"html","paginas":50,"editora":"tribo","avaliacoes":[]}
2021-10-03T05:02:46.996Z [desafio-final-node] error {req.method}  - invalid input syntax for type integer: "info"
2021-10-03T05:06:39.841Z [desafio-final-node] error {req.method}  - invalid input syntax for type integer: "info"
2021-10-03T05:08:32.616Z [desafio-final-node] error {req.method}  - invalid input syntax for type integer: "info"
2021-10-03T05:10:23.450Z [desafio-final-node] error {req.method}  - invalid input syntax for type integer: "info"
2021-10-03T05:17:59.978Z [desafio-final-node] info GET /livro/info  - {"livroId":5,"descricao":"html","paginas":50,"editora":"trybe","avaliacoes":[],"_id":"61593d0754011b2b8fd49522"}
2021-10-03T05:18:27.526Z [desafio-final-node] info PUT /livro/info  - {"livroId":5,"descricao":"html","paginas":50,"editora":"tribo","avaliacoes":[]}
2021-10-03T05:19:07.701Z [desafio-final-node] error {req.method}  - invalid input syntax for type integer: "info"
2021-10-03T15:59:48.638Z [desafio-final-node] info PUT /livro/info - {"livroId":5,"descricao":"oidfojggnfngjngjisngijnsjfgnsjfgnjk","paginas":50,"editora":"kjfojfivjivjnivojiovdjfv","avaliacoes":[]}
2021-10-03T16:21:29.440Z [desafio-final-node] error {req.method}  - invalid input syntax for type integer: "info"
2021-10-03T16:28:11.682Z [desafio-final-node] error {req.method}  - invalid input syntax for type integer: "info"
2021-10-03T16:30:51.514Z [desafio-final-node] error {req.method}  - invalid input syntax for type integer: "info"
2021-10-03T16:58:23.975Z [desafio-final-node] error {req.method}  - BSON field 'delete.deletes.q' is the wrong type 'string', expected type 'object'
2021-10-03T17:00:01.889Z [desafio-final-node] info DELETE /livro/info
2021-10-03T17:07:16.617Z [desafio-final-node] info DELETE /livro/info
2021-10-03T17:16:02.174Z [desafio-final-node] info GET /vendaundefined
2021-10-03T17:16:09.821Z [desafio-final-node] info GET /venda
2021-10-03T17:22:07.589Z [desafio-final-node] error {req.method}  - invalid input syntax for type integer: "info"
2021-10-03T17:26:12.308Z [desafio-final-node] error {req.method}  - invalid input syntax for type integer: "info"
2021-10-04T19:33:02.263Z [desafio-final-node] error {req.method}  - invalid input syntax for type integer: "info"
2021-10-04T20:03:43.995Z [desafio-final-node] error {req.method}  - Cannot set property 'info' of null
2021-10-04T20:04:05.687Z [desafio-final-node] error {req.method}  - loggers is not defined
2021-10-04T20:04:35.211Z [desafio-final-node] info GET /livroundefined
2021-10-04T20:04:44.255Z [desafio-final-node] error {req.method}  - loggers is not defined
2021-10-04T20:10:21.203Z [desafio-final-node] error {req.method}  - loggers is not defined
2021-10-04T21:01:11.628Z [desafio-final-node] info GET /livroundefined
2021-10-04T21:01:40.233Z [desafio-final-node] info PUT /livro - {"livroId":2,"nome":"Node","valor":"23","estoque":5,"autorId":2}
2021-10-04T21:05:43.803Z [desafio-final-node] error {req.method}  - Cannot read property 'push' of undefined
2021-10-04T21:30:35.403Z [desafio-final-node] error {req.method}  - livroId is not defined
2021-10-04T21:36:25.401Z [desafio-final-node] error {req.method}  - Cannot read property 'avaliacoes' of null
2021-10-04T21:38:27.794Z [desafio-final-node] error {req.method}  - Cannot read property 'avaliacoes' of null
2021-10-04T23:20:43.987Z [desafio-final-node] info GET /livroundefined
2021-10-04T23:21:09.811Z [desafio-final-node] info GET /vendaundefined
2021-10-04T23:21:51.470Z [desafio-final-node] info GET /livroundefined
2021-10-05T00:01:24.717Z [desafio-final-node] info GET /vendaundefined
2021-10-05T00:02:04.967Z [desafio-final-node] info GET /vendaundefined
2021-10-05T00:02:19.488Z [desafio-final-node] info GET /vendaundefined
2021-10-05T00:03:12.602Z [desafio-final-node] info GET /vendaundefined
2021-10-05T00:06:29.196Z [desafio-final-node] info GET /livro
2021-10-05T00:06:54.967Z [desafio-final-node] info GET /livroundefined
2021-10-05T00:08:41.325Z [desafio-final-node] info GET /vendaundefined
2021-10-05T00:08:53.325Z [desafio-final-node] info GET /vendaundefined
2021-10-05T00:38:42.723Z [desafio-final-node] info GET /venda
2021-10-05T00:39:03.965Z [desafio-final-node] info GET /vendaundefined
2021-10-05T00:43:38.167Z [desafio-final-node] info GET /vendaundefined
2021-10-05T00:46:02.748Z [desafio-final-node] info GET /vendaundefined
2021-10-05T00:46:21.224Z [desafio-final-node] info GET /vendadesc
2021-10-05T00:49:30.147Z [desafio-final-node] info GET /vendadesc
2021-10-05T00:51:01.039Z [desafio-final-node] info GET /vendadesc
2021-10-05T00:52:23.222Z [desafio-final-node] info GET /vendadesc
2021-10-05T00:59:11.203Z [desafio-final-node] error {req.method}  - Include unexpected. Element has to be either a Model, an Association or an object.
2021-10-05T01:00:11.307Z [desafio-final-node] error {req.method}  - Include unexpected. Element has to be either a Model, an Association or an object.
2021-10-05T01:00:12.648Z [desafio-final-node] error {req.method}  - Include unexpected. Element has to be either a Model, an Association or an object.
2021-10-05T01:00:39.390Z [desafio-final-node] error {req.method}  - autores is not associated to vendas!
2021-10-05T01:02:40.053Z [desafio-final-node] error {req.method}  - Include unexpected. Element has to be either a Model, an Association or an object.
2021-10-05T01:03:52.030Z [desafio-final-node] error {req.method}  - Include unexpected. Element has to be either a Model, an Association or an object.
2021-10-05T01:05:12.105Z [desafio-final-node] info GET /vendadesc
2021-10-05T01:05:39.082Z [desafio-final-node] info GET /vendadesc
2021-10-05T01:05:44.462Z [desafio-final-node] info GET /vendadesc
2021-10-05T01:06:09.140Z [desafio-final-node] error {req.method}  - autores is not associated to vendas!
2021-10-05T01:07:28.663Z [desafio-final-node] info GET /vendadesc
2021-10-05T01:12:26.392Z [desafio-final-node] error {req.method}  - autores is not associated to vendas!
2021-10-05T01:13:25.315Z [desafio-final-node] info GET /vendadesc
2021-10-05T01:14:18.416Z [desafio-final-node] info GET /vendadesc
2021-10-05T01:37:06.668Z [desafio-final-node] info GET /vendadesc
2021-10-05T01:37:37.786Z [desafio-final-node] info GET /vendadesc
2021-10-05T01:38:52.325Z [desafio-final-node] info GET /vendadesc
2021-10-05T01:54:20.614Z [desafio-final-node] info GET /vendadesc
2021-10-05T16:20:20.585Z [desafio-final-node] error {req.method}  - zero-length delimited identifier at or near """"
2021-10-05T16:20:44.960Z [desafio-final-node] info GET /vendadesc
2021-10-05T16:21:37.255Z [desafio-final-node] info GET /vendadesc
2021-10-05T16:21:50.691Z [desafio-final-node] info GET /livroundefined
2021-10-05T16:22:20.898Z [desafio-final-node] info GET /livroundefined
2021-10-05T16:22:38.500Z [desafio-final-node] info GET /vendadesc
2021-10-05T16:23:00.690Z [desafio-final-node] info GET /vendaundefined
2021-10-05T16:23:04.531Z [desafio-final-node] info GET /vendaundefined
2021-10-05T16:23:36.016Z [desafio-final-node] info GET /livroundefined
2021-10-05T16:24:09.622Z [desafio-final-node] info POST /venda - {"vendaId":7,"valor":"900","data":"2021-07-17","clienteId":1,"livroId":3}
2021-10-05T16:24:15.771Z [desafio-final-node] info GET /vendaundefined
2021-10-05T16:24:48.516Z [desafio-final-node] info GET /vendadesc
2021-10-05T16:25:25.821Z [desafio-final-node] info POST /venda - {"vendaId":8,"valor":"50","data":"2019-07-17","clienteId":2,"livroId":3}
2021-10-05T16:25:37.863Z [desafio-final-node] info GET /vendaundefined
2021-10-05T16:26:00.789Z [desafio-final-node] info GET /vendadesc
2021-10-05T18:10:29.304Z [desafio-final-node] info GET /vendadesc
2021-10-05T18:12:07.208Z [desafio-final-node] info GET /vendadesc
2021-10-05T18:12:41.385Z [desafio-final-node] info GET /vendadesc
2021-10-05T18:14:43.926Z [desafio-final-node] info GET /vendadesc
2021-10-05T18:17:17.726Z [desafio-final-node] info GET /vendadesc
2021-10-05T18:17:58.335Z [desafio-final-node] info GET /vendadesc
2021-10-05T18:18:58.427Z [desafio-final-node] info GET /vendadesc
2021-10-05T18:19:07.504Z [desafio-final-node] info GET /vendaasc
2021-10-05T18:19:16.175Z [desafio-final-node] info GET /vendadesc
2021-10-05T18:19:28.684Z [desafio-final-node] info GET /vendadesc
2021-10-05T18:19:40.106Z [desafio-final-node] info GET /vendadesc
2021-10-05T18:21:26.696Z [desafio-final-node] info GET /vendadesc
2021-10-05T18:22:51.953Z [desafio-final-node] info GET /vendadesc
2021-10-05T18:23:51.089Z [desafio-final-node] info GET /vendadesc
2021-10-05T20:18:19.680Z [desafio-final-node] info GET /vendadesc
2021-10-05T20:18:45.012Z [desafio-final-node] info GET /vendadesc
2021-10-05T22:48:21.768Z [desafio-final-node] error {req.method}  - loggers is not defined
2021-10-05T22:48:43.162Z [desafio-final-node] info GET /livroundefined
2021-10-05T22:48:54.219Z [desafio-final-node] info GET /livroundefined
2021-10-05T22:53:33.377Z [desafio-final-node] info GET /vendaundefined
2021-10-05T22:54:09.318Z [desafio-final-node] info GET /vendaundefined
2021-10-05T22:54:40.755Z [desafio-final-node] error {req.method}  - WHERE parameter "autor_id" has invalid "undefined" value
2021-10-05T22:56:51.900Z [desafio-final-node] info GET /vendaundefined
2021-10-05T22:57:46.148Z [desafio-final-node] info GET /vendaundefined
2021-10-05T22:58:40.193Z [desafio-final-node] info GET /vendaundefined
2021-10-05T22:59:36.248Z [desafio-final-node] info GET /vendaundefined
2021-10-05T23:00:47.924Z [desafio-final-node] info GET /vendaundefined
2021-10-05T23:01:11.183Z [desafio-final-node] info GET /vendaundefined
2021-10-05T23:02:17.970Z [desafio-final-node] error {req.method}  - WHERE parameter "autor_id" has invalid "undefined" value
2021-10-05T23:02:24.266Z [desafio-final-node] error {req.method}  - WHERE parameter "autor_id" has invalid "undefined" value
2021-10-05T23:02:37.902Z [desafio-final-node] info GET /vendaundefined
2021-10-05T23:09:56.172Z [desafio-final-node] error {req.method}  - loggers is not defined
